2022-12-15 05:45:18,459 INFO  [Log] ********************************** 
2022-12-15 05:45:18,459 INFO  [Log] ***************************************** 
2022-12-15 05:45:18,459 INFO  [Log] ############   My first test case is Login test ################ 
2022-12-15 05:45:18,459 INFO  [Log] ********************************** 
2022-12-15 05:45:18,459 INFO  [Log] ***************************************** 
2022-12-15 05:45:18,459 INFO  [Log] My login test is going on 
2022-12-15 05:45:18,459 INFO  [Log] My test case might be failed 
2022-12-15 05:45:20,732 INFO  [Log] My test case is about to complete 
2022-12-15 05:45:20,732 INFO  [Log] ################################## 
2022-12-15 05:45:20,732 INFO  [Log] ########################################## 
2022-12-15 05:45:20,732 INFO  [Log] ############   This is my login test again ################ 
2022-12-15 05:45:20,733 INFO  [Log] ########################## 
2022-12-15 05:45:20,733 INFO  [Log] ########################################## 
2022-12-15 23:56:41,446 INFO  [Log] ********************************** 
2022-12-15 23:56:41,446 INFO  [Log] ***************************************** 
2022-12-15 23:56:41,446 INFO  [Log] ############   My first test case is Login test ################ 
2022-12-15 23:56:41,446 INFO  [Log] ********************************** 
2022-12-15 23:56:41,446 INFO  [Log] ***************************************** 
2022-12-15 23:56:41,446 INFO  [Log] My login test is going on 
2022-12-15 23:56:41,446 INFO  [Log] My test case might be failed 
2022-12-15 23:56:45,824 INFO  [Log] My test case is about to complete 
2022-12-15 23:56:45,824 INFO  [Log] ################################## 
2022-12-15 23:56:45,824 INFO  [Log] ########################################## 
2022-12-15 23:56:45,824 INFO  [Log] ############   This is my login test again ################ 
2022-12-15 23:56:45,824 INFO  [Log] ########################## 
2022-12-15 23:56:45,824 INFO  [Log] ########################################## 
2022-12-27 21:29:17,603 INFO  [Log] ********************************** 
2022-12-27 21:29:17,604 INFO  [Log] ***************************************** 
2022-12-27 21:29:17,604 INFO  [Log] ############   My first test case is Login test ################ 
2022-12-27 21:29:17,604 INFO  [Log] ********************************** 
2022-12-27 21:29:17,605 INFO  [Log] ***************************************** 
2022-12-27 21:29:17,605 INFO  [Log] My login test is going on 
2022-12-27 21:29:17,605 INFO  [Log] My test case might be failed 
2022-12-27 21:29:25,229 INFO  [Log] My test case is about to complete 
2022-12-27 21:29:25,229 INFO  [Log] ################################## 
2022-12-27 21:29:25,229 INFO  [Log] ########################################## 
2022-12-27 21:29:25,229 INFO  [Log] ############   This is my login test again ################ 
2022-12-27 21:29:25,229 INFO  [Log] ########################## 
2022-12-27 21:29:25,229 INFO  [Log] ########################################## 
2022-12-27 21:32:20,628 INFO  [Log] ********************************** 
2022-12-27 21:32:20,629 INFO  [Log] ***************************************** 
2022-12-27 21:32:20,629 INFO  [Log] ############   My first test case is Login test ################ 
2022-12-27 21:32:20,629 INFO  [Log] ********************************** 
2022-12-27 21:32:20,629 INFO  [Log] ***************************************** 
2022-12-27 21:32:20,629 INFO  [Log] My login test is going on 
2022-12-27 21:32:20,630 INFO  [Log] My test case might be failed 
2022-12-27 21:32:34,594 INFO  [Log] My test case is about to complete 
2022-12-27 21:32:34,594 INFO  [Log] ################################## 
2022-12-27 21:32:34,594 INFO  [Log] ########################################## 
2022-12-27 21:32:34,594 INFO  [Log] ############   This is my login test again ################ 
2022-12-27 21:32:34,594 INFO  [Log] ########################## 
2022-12-27 21:32:34,594 INFO  [Log] ########################################## 
2022-12-27 21:35:00,861 INFO  [Log] ********************************** 
2022-12-27 21:35:00,861 INFO  [Log] ***************************************** 
2022-12-27 21:35:00,861 INFO  [Log] ############   My first test case is Login test ################ 
2022-12-27 21:35:00,861 INFO  [Log] ********************************** 
2022-12-27 21:35:00,861 INFO  [Log] ***************************************** 
2022-12-27 21:35:00,862 INFO  [Log] My login test is going on 
2022-12-27 21:35:00,862 INFO  [Log] My test case might be failed 
2022-12-27 21:35:11,444 INFO  [Log] My test case is about to complete 
2022-12-27 21:35:11,444 INFO  [Log] ################################## 
2022-12-27 21:35:11,444 INFO  [Log] ########################################## 
2022-12-27 21:35:11,444 INFO  [Log] ############   This is my login test again ################ 
2022-12-27 21:35:11,444 INFO  [Log] ########################## 
2022-12-27 21:35:11,444 INFO  [Log] ########################################## 
2022-12-27 21:35:40,875 INFO  [Log] ********************************** 
2022-12-27 21:35:40,876 INFO  [Log] ***************************************** 
2022-12-27 21:35:40,876 INFO  [Log] ############   My first test case is Login test ################ 
2022-12-27 21:35:40,876 INFO  [Log] ********************************** 
2022-12-27 21:35:40,876 INFO  [Log] ***************************************** 
2022-12-27 21:35:40,878 INFO  [Log] My login test is going on 
2022-12-27 21:35:40,878 INFO  [Log] My test case might be failed 
2022-12-27 21:35:54,176 INFO  [Log] My test case is about to complete 
2022-12-27 21:35:54,176 INFO  [Log] ################################## 
2022-12-27 21:35:54,176 INFO  [Log] ########################################## 
2022-12-27 21:35:54,176 INFO  [Log] ############   This is my login test again ################ 
2022-12-27 21:35:54,176 INFO  [Log] ########################## 
2022-12-27 21:35:54,176 INFO  [Log] ########################################## 
2023-01-08 21:35:37,223 INFO  [Log] ********************************** 
2023-01-08 21:35:37,224 INFO  [Log] ***************************************** 
2023-01-08 21:35:37,224 INFO  [Log] ############   My first test case is Login test ################ 
2023-01-08 21:35:37,224 INFO  [Log] ********************************** 
2023-01-08 21:35:37,224 INFO  [Log] ***************************************** 
2023-01-08 21:35:37,224 INFO  [Log] My login test is going on 
2023-01-08 21:35:37,224 INFO  [Log] My test case might be failed 
2023-01-08 21:35:44,893 INFO  [Log] My test case is about to complete 
2023-01-08 21:35:44,893 INFO  [Log] ################################## 
2023-01-08 21:35:44,893 INFO  [Log] ########################################## 
2023-01-08 21:35:44,893 INFO  [Log] ############   This is my login test again ################ 
2023-01-08 21:35:44,893 INFO  [Log] ########################## 
2023-01-08 21:35:44,893 INFO  [Log] ########################################## 
2023-01-08 21:37:32,956 INFO  [Log] ********************************** 
2023-01-08 21:37:32,956 INFO  [Log] ***************************************** 
2023-01-08 21:37:32,956 INFO  [Log] ############   My first test case is Login test ################ 
2023-01-08 21:37:32,956 INFO  [Log] ********************************** 
2023-01-08 21:37:32,956 INFO  [Log] ***************************************** 
2023-01-08 21:37:32,956 INFO  [Log] My login test is going on 
2023-01-08 21:37:32,956 INFO  [Log] My test case might be failed 
2023-01-08 21:37:40,575 INFO  [Log] My test case is about to complete 
2023-01-08 21:37:40,575 INFO  [Log] ################################## 
2023-01-08 21:37:40,575 INFO  [Log] ########################################## 
2023-01-08 21:37:40,575 INFO  [Log] ############   This is my login test again ################ 
2023-01-08 21:37:40,575 INFO  [Log] ########################## 
2023-01-08 21:37:40,575 INFO  [Log] ########################################## 
2023-01-08 22:21:05,756 INFO  [Log] ********************************** 
2023-01-08 22:21:05,756 INFO  [Log] ***************************************** 
2023-01-08 22:21:05,756 INFO  [Log] ############   My first test case is Login test ################ 
2023-01-08 22:21:05,756 INFO  [Log] ********************************** 
2023-01-08 22:21:05,757 INFO  [Log] ***************************************** 
2023-01-08 22:21:05,757 INFO  [Log] My login test is going on 
2023-01-08 22:21:05,757 INFO  [Log] My test case might be failed 
2023-01-08 22:21:13,409 INFO  [Log] My test case is about to complete 
2023-01-08 22:21:13,409 INFO  [Log] ################################## 
2023-01-08 22:21:13,409 INFO  [Log] ########################################## 
2023-01-08 22:21:13,409 INFO  [Log] ############   This is my login test again ################ 
2023-01-08 22:21:13,409 INFO  [Log] ########################## 
2023-01-08 22:21:13,409 INFO  [Log] ########################################## 
2023-01-08 22:54:34,990 INFO  [Log] ********************************** 
2023-01-08 22:54:34,990 INFO  [Log] ***************************************** 
2023-01-08 22:54:34,990 INFO  [Log] ############   My first test case is Login test ################ 
2023-01-08 22:54:34,990 INFO  [Log] ********************************** 
2023-01-08 22:54:34,990 INFO  [Log] ***************************************** 
2023-01-08 22:54:34,990 INFO  [Log] My login test is going on 
2023-01-08 22:54:34,990 INFO  [Log] My test case might be failed 
2023-01-08 22:54:43,310 INFO  [Log] My test case is about to complete 
2023-01-08 22:54:43,310 INFO  [Log] ################################## 
2023-01-08 22:54:43,310 INFO  [Log] ########################################## 
2023-01-08 22:54:43,310 INFO  [Log] ############   This is my login test again ################ 
2023-01-08 22:54:43,310 INFO  [Log] ########################## 
2023-01-08 22:54:43,310 INFO  [Log] ########################################## 
2023-01-08 23:10:16,042 INFO  [Log] ********************************** 
2023-01-08 23:10:16,042 INFO  [Log] ***************************************** 
2023-01-08 23:10:16,042 INFO  [Log] ############   My first test case is Login test ################ 
2023-01-08 23:10:16,042 INFO  [Log] ********************************** 
2023-01-08 23:10:16,042 INFO  [Log] ***************************************** 
2023-01-08 23:10:16,042 INFO  [Log] My login test is going on 
2023-01-08 23:10:16,042 INFO  [Log] My test case might be failed 
2023-01-08 23:10:24,277 INFO  [Log] My test case is about to complete 
2023-01-08 23:10:24,277 INFO  [Log] ################################## 
2023-01-08 23:10:24,277 INFO  [Log] ########################################## 
2023-01-08 23:10:24,277 INFO  [Log] ############   This is my login test again ################ 
2023-01-08 23:10:24,277 INFO  [Log] ########################## 
2023-01-08 23:10:24,277 INFO  [Log] ########################################## 
2023-01-08 23:12:38,987 INFO  [Log] ********************************** 
2023-01-08 23:12:38,987 INFO  [Log] ***************************************** 
2023-01-08 23:12:38,987 INFO  [Log] ############   My first test case is Login test ################ 
2023-01-08 23:12:38,987 INFO  [Log] ********************************** 
2023-01-08 23:12:38,987 INFO  [Log] ***************************************** 
2023-01-08 23:12:38,987 INFO  [Log] My login test is going on 
2023-01-08 23:12:38,987 INFO  [Log] My test case might be failed 
2023-01-08 23:12:46,860 INFO  [Log] My test case is about to complete 
2023-01-08 23:12:46,860 INFO  [Log] ################################## 
2023-01-08 23:12:46,860 INFO  [Log] ########################################## 
2023-01-08 23:12:46,861 INFO  [Log] ############   This is my login test again ################ 
2023-01-08 23:12:46,861 INFO  [Log] ########################## 
2023-01-08 23:12:46,861 INFO  [Log] ########################################## 
2023-01-08 23:14:39,508 INFO  [Log] ********************************** 
2023-01-08 23:14:39,508 INFO  [Log] ***************************************** 
2023-01-08 23:14:39,509 INFO  [Log] ############   My first test case is Login test ################ 
2023-01-08 23:14:39,509 INFO  [Log] ********************************** 
2023-01-08 23:14:39,509 INFO  [Log] ***************************************** 
2023-01-08 23:14:39,509 INFO  [Log] My login test is going on 
2023-01-08 23:14:39,509 INFO  [Log] My test case might be failed 
2023-01-08 23:14:47,470 INFO  [Log] My test case is about to complete 
2023-01-08 23:14:47,470 INFO  [Log] ################################## 
2023-01-08 23:14:47,470 INFO  [Log] ########################################## 
2023-01-08 23:14:47,470 INFO  [Log] ############   This is my login test again ################ 
2023-01-08 23:14:47,470 INFO  [Log] ########################## 
2023-01-08 23:14:47,470 INFO  [Log] ########################################## 
2023-01-08 23:20:53,184 INFO  [Log] ********************************** 
2023-01-08 23:20:53,184 INFO  [Log] ***************************************** 
2023-01-08 23:20:53,184 INFO  [Log] ############   My first test case is Login test ################ 
2023-01-08 23:20:53,184 INFO  [Log] ********************************** 
2023-01-08 23:20:53,184 INFO  [Log] ***************************************** 
2023-01-08 23:20:53,184 INFO  [Log] My login test is going on 
2023-01-08 23:20:53,184 INFO  [Log] My test case might be failed 
2023-01-08 23:21:00,715 INFO  [Log] My test case is about to complete 
2023-01-08 23:21:00,715 INFO  [Log] ################################## 
2023-01-08 23:21:00,715 INFO  [Log] ########################################## 
2023-01-08 23:21:00,715 INFO  [Log] ############   This is my login test again ################ 
2023-01-08 23:21:00,715 INFO  [Log] ########################## 
2023-01-08 23:21:00,715 INFO  [Log] ########################################## 
2023-01-08 23:23:14,418 INFO  [Log] ********************************** 
2023-01-08 23:23:14,418 INFO  [Log] ***************************************** 
2023-01-08 23:23:14,418 INFO  [Log] ############   My first test case is Login test ################ 
2023-01-08 23:23:14,418 INFO  [Log] ********************************** 
2023-01-08 23:23:14,418 INFO  [Log] ***************************************** 
2023-01-08 23:23:14,418 INFO  [Log] My login test is going on 
2023-01-08 23:23:14,418 INFO  [Log] My test case might be failed 
2023-01-08 23:23:22,705 INFO  [Log] My test case is about to complete 
2023-01-08 23:23:22,705 INFO  [Log] ################################## 
2023-01-08 23:23:22,705 INFO  [Log] ########################################## 
2023-01-08 23:23:22,705 INFO  [Log] ############   This is my login test again ################ 
2023-01-08 23:23:22,705 INFO  [Log] ########################## 
2023-01-08 23:23:22,705 INFO  [Log] ########################################## 
2023-01-08 23:24:59,954 INFO  [Log] ********************************** 
2023-01-08 23:24:59,954 INFO  [Log] ***************************************** 
2023-01-08 23:24:59,954 INFO  [Log] ############   My first test case is Login test ################ 
2023-01-08 23:24:59,954 INFO  [Log] ********************************** 
2023-01-08 23:24:59,954 INFO  [Log] ***************************************** 
2023-01-08 23:24:59,954 INFO  [Log] My login test is going on 
2023-01-08 23:24:59,954 INFO  [Log] My test case might be failed 
2023-01-08 23:25:09,684 INFO  [Log] My test case is about to complete 
2023-01-08 23:25:09,684 INFO  [Log] ################################## 
2023-01-08 23:25:09,684 INFO  [Log] ########################################## 
2023-01-08 23:25:09,684 INFO  [Log] ############   This is my login test again ################ 
2023-01-08 23:25:09,684 INFO  [Log] ########################## 
2023-01-08 23:25:09,684 INFO  [Log] ########################################## 
2023-01-08 23:27:09,992 INFO  [Log] ********************************** 
2023-01-08 23:27:09,992 INFO  [Log] ***************************************** 
2023-01-08 23:27:09,992 INFO  [Log] ############   My first test case is Login test ################ 
2023-01-08 23:27:09,992 INFO  [Log] ********************************** 
2023-01-08 23:27:09,992 INFO  [Log] ***************************************** 
2023-01-08 23:27:09,992 INFO  [Log] My login test is going on 
2023-01-08 23:27:09,992 INFO  [Log] My test case might be failed 
2023-01-08 23:27:20,205 INFO  [Log] My test case is about to complete 
2023-01-08 23:27:20,206 INFO  [Log] ################################## 
2023-01-08 23:27:20,206 INFO  [Log] ########################################## 
2023-01-08 23:27:20,206 INFO  [Log] ############   This is my login test again ################ 
2023-01-08 23:27:20,206 INFO  [Log] ########################## 
2023-01-08 23:27:20,206 INFO  [Log] ########################################## 
2023-01-08 23:29:11,519 INFO  [Log] ********************************** 
2023-01-08 23:29:11,519 INFO  [Log] ***************************************** 
2023-01-08 23:29:11,519 INFO  [Log] ############   My first test case is Login test ################ 
2023-01-08 23:29:11,519 INFO  [Log] ********************************** 
2023-01-08 23:29:11,519 INFO  [Log] ***************************************** 
2023-01-08 23:29:11,519 INFO  [Log] My login test is going on 
2023-01-08 23:29:11,519 INFO  [Log] My test case might be failed 
2023-01-08 23:29:20,802 INFO  [Log] My test case is about to complete 
2023-01-08 23:29:20,802 INFO  [Log] ################################## 
2023-01-08 23:29:20,802 INFO  [Log] ########################################## 
2023-01-08 23:29:20,802 INFO  [Log] ############   This is my login test again ################ 
2023-01-08 23:29:20,802 INFO  [Log] ########################## 
2023-01-08 23:29:20,802 INFO  [Log] ########################################## 
2023-01-10 15:21:27,079 INFO  [Log] ********************************** 
2023-01-10 15:21:27,079 INFO  [Log] ***************************************** 
2023-01-10 15:21:27,080 INFO  [Log] ############   My first test case is Login test ################ 
2023-01-10 15:21:27,080 INFO  [Log] ********************************** 
2023-01-10 15:21:27,080 INFO  [Log] ***************************************** 
2023-01-10 15:21:27,080 INFO  [Log] My login test is going on 
2023-01-10 15:21:27,080 INFO  [Log] My test case might be failed 
2023-01-10 15:21:40,521 INFO  [Log] My test case is about to complete 
2023-01-10 15:21:40,521 INFO  [Log] ################################## 
2023-01-10 15:21:40,521 INFO  [Log] ########################################## 
2023-01-10 15:21:40,521 INFO  [Log] ############   This is my login test again ################ 
2023-01-10 15:21:40,521 INFO  [Log] ########################## 
2023-01-10 15:21:40,521 INFO  [Log] ########################################## 
2023-01-11 04:02:41,471 INFO  [Log] ********************************** 
2023-01-11 04:02:41,475 INFO  [Log] ***************************************** 
2023-01-11 04:02:41,476 INFO  [Log] ############   My first test case is Login test ################ 
2023-01-11 04:02:41,476 INFO  [Log] ********************************** 
2023-01-11 04:02:41,476 INFO  [Log] ***************************************** 
2023-01-11 04:02:41,476 INFO  [Log] My login test is going on 
2023-01-11 04:02:41,476 INFO  [Log] My test case might be failed 
2023-01-11 04:02:52,742 INFO  [Log] My test case is about to complete 
2023-01-11 04:02:52,742 INFO  [Log] ################################## 
2023-01-11 04:02:52,742 INFO  [Log] ########################################## 
2023-01-11 04:02:52,742 INFO  [Log] ############   This is my login test again ################ 
2023-01-11 04:02:52,742 INFO  [Log] ########################## 
2023-01-11 04:02:52,742 INFO  [Log] ########################################## 
2023-01-12 02:23:13,889 INFO  [Log] ********************************** 
2023-01-12 02:23:13,890 INFO  [Log] ***************************************** 
2023-01-12 02:23:13,890 INFO  [Log] ############   My first test case is Login test ################ 
2023-01-12 02:23:13,890 INFO  [Log] ********************************** 
2023-01-12 02:23:13,890 INFO  [Log] ***************************************** 
2023-01-12 02:23:13,890 INFO  [Log] My login test is going on 
2023-01-12 02:23:13,890 INFO  [Log] My test case might be failed 
2023-01-12 02:23:27,154 INFO  [Log] My test case is about to complete 
2023-01-12 02:23:27,155 INFO  [Log] ################################## 
2023-01-12 02:23:27,155 INFO  [Log] ########################################## 
2023-01-12 02:23:27,155 INFO  [Log] ############   This is my login test again ################ 
2023-01-12 02:23:27,155 INFO  [Log] ########################## 
2023-01-12 02:23:27,155 INFO  [Log] ########################################## 
2023-01-12 02:27:37,883 INFO  [Log] ********************************** 
2023-01-12 02:27:37,883 INFO  [Log] ***************************************** 
2023-01-12 02:27:37,883 INFO  [Log] ############   My first test case is Login test ################ 
2023-01-12 02:27:37,883 INFO  [Log] ********************************** 
2023-01-12 02:27:37,883 INFO  [Log] ***************************************** 
2023-01-12 02:27:37,883 INFO  [Log] My login test is going on 
2023-01-12 02:27:37,884 INFO  [Log] My test case might be failed 
2023-01-12 02:27:51,620 INFO  [Log] My test case is about to complete 
2023-01-12 02:27:51,620 INFO  [Log] ################################## 
2023-01-12 02:27:51,620 INFO  [Log] ########################################## 
2023-01-12 02:27:51,620 INFO  [Log] ############   This is my login test again ################ 
2023-01-12 02:27:51,620 INFO  [Log] ########################## 
2023-01-12 02:27:51,621 INFO  [Log] ########################################## 
2023-01-13 05:35:02,419 INFO  [Log] ********************************** 
2023-01-13 05:35:02,419 INFO  [Log] ***************************************** 
2023-01-13 05:35:02,419 INFO  [Log] ############   My first test case is Login test ################ 
2023-01-13 05:35:02,419 INFO  [Log] ********************************** 
2023-01-13 05:35:02,419 INFO  [Log] ***************************************** 
2023-01-13 05:35:02,419 INFO  [Log] My login test is going on 
2023-01-13 05:35:02,419 INFO  [Log] My test case might be failed 
2023-01-13 05:35:11,729 INFO  [Log] My test case is about to complete 
2023-01-13 05:35:11,729 INFO  [Log] ################################## 
2023-01-13 05:35:11,729 INFO  [Log] ########################################## 
2023-01-13 05:35:11,729 INFO  [Log] ############   This is my login test again ################ 
2023-01-13 05:35:11,729 INFO  [Log] ########################## 
2023-01-13 05:35:11,729 INFO  [Log] ########################################## 
2023-01-13 05:42:53,854 INFO  [Log] ********************************** 
2023-01-13 05:42:53,854 INFO  [Log] ***************************************** 
2023-01-13 05:42:53,854 INFO  [Log] ############   My first test case is Login test ################ 
2023-01-13 05:42:53,854 INFO  [Log] ********************************** 
2023-01-13 05:42:53,854 INFO  [Log] ***************************************** 
2023-01-13 05:42:53,854 INFO  [Log] My login test is going on 
2023-01-13 05:42:53,855 INFO  [Log] My test case might be failed 
2023-01-13 05:43:03,194 INFO  [Log] My test case is about to complete 
2023-01-13 05:43:03,194 INFO  [Log] ################################## 
2023-01-13 05:43:03,194 INFO  [Log] ########################################## 
2023-01-13 05:43:03,194 INFO  [Log] ############   This is my login test again ################ 
2023-01-13 05:43:03,194 INFO  [Log] ########################## 
2023-01-13 05:43:03,194 INFO  [Log] ########################################## 
2023-01-28 21:39:31,075 INFO  [Log] ********************************** 
2023-01-28 21:39:31,076 INFO  [Log] ***************************************** 
2023-01-28 21:39:31,076 INFO  [Log] ############   My first test case is Login test ################ 
2023-01-28 21:39:31,076 INFO  [Log] ********************************** 
2023-01-28 21:39:31,077 INFO  [Log] ***************************************** 
2023-01-28 21:39:31,077 INFO  [Log] My login test is going on 
2023-01-28 21:39:31,077 INFO  [Log] My test case might be failed 
2023-01-28 21:39:42,011 INFO  [Log] My test case is about to complete 
2023-01-28 21:39:42,011 INFO  [Log] ################################## 
2023-01-28 21:39:42,011 INFO  [Log] ########################################## 
2023-01-28 21:39:42,011 INFO  [Log] ############   This is my login test again ################ 
2023-01-28 21:39:42,011 INFO  [Log] ########################## 
2023-01-28 21:39:42,011 INFO  [Log] ########################################## 
2023-01-28 21:39:50,028 INFO  [Log] ********************************** 
2023-01-28 21:39:50,029 INFO  [Log] ***************************************** 
2023-01-28 21:39:50,029 INFO  [Log] ############   My first test case is Login test ################ 
2023-01-28 21:39:50,029 INFO  [Log] ********************************** 
2023-01-28 21:39:50,029 INFO  [Log] ***************************************** 
2023-01-28 21:39:50,029 INFO  [Log] My login test is going on 
2023-01-28 21:39:50,029 INFO  [Log] My test case might be failed 
2023-01-28 21:40:02,728 INFO  [Log] ********************************** 
2023-01-28 21:40:02,728 INFO  [Log] ***************************************** 
2023-01-28 21:40:02,728 INFO  [Log] ############   My first test case is Login test ################ 
2023-01-28 21:40:02,728 INFO  [Log] ********************************** 
2023-01-28 21:40:02,728 INFO  [Log] ***************************************** 
2023-01-28 21:40:02,728 INFO  [Log] My login test is going on 
2023-01-28 21:40:02,728 INFO  [Log] My test case might be failed 
2023-01-28 21:40:06,171 INFO  [Log] My test case is about to complete 
2023-01-28 21:40:06,171 INFO  [Log] ################################## 
2023-01-28 21:40:06,171 INFO  [Log] ########################################## 
2023-01-28 21:40:06,171 INFO  [Log] ############   This is my login test again ################ 
2023-01-28 21:40:06,171 INFO  [Log] ########################## 
2023-01-28 21:40:06,171 INFO  [Log] ########################################## 
2023-02-27 01:02:47,288 INFO  [Log] ********************************** 
2023-02-27 01:02:47,289 INFO  [Log] ***************************************** 
2023-02-27 01:02:47,289 INFO  [Log] ############   My first test case is Login test ################ 
2023-02-27 01:02:47,289 INFO  [Log] ********************************** 
2023-02-27 01:02:47,289 INFO  [Log] ***************************************** 
2023-02-27 01:02:47,289 INFO  [Log] My login test is going on 
2023-02-27 01:02:47,290 INFO  [Log] My test case might be failed 
2023-02-27 01:02:56,485 INFO  [Log] My test case is about to complete 
2023-02-27 01:02:56,485 INFO  [Log] ################################## 
2023-02-27 01:02:56,485 INFO  [Log] ########################################## 
2023-02-27 01:02:56,485 INFO  [Log] ############   This is my login test again ################ 
2023-02-27 01:02:56,485 INFO  [Log] ########################## 
2023-02-27 01:02:56,485 INFO  [Log] ########################################## 
2023-02-27 01:03:06,101 INFO  [Log] ********************************** 
2023-02-27 01:03:06,101 INFO  [Log] ***************************************** 
2023-02-27 01:03:06,102 INFO  [Log] ############   My first test case is Login test ################ 
2023-02-27 01:03:06,102 INFO  [Log] ********************************** 
2023-02-27 01:03:06,102 INFO  [Log] ***************************************** 
2023-02-27 01:03:06,102 INFO  [Log] My login test is going on 
2023-02-27 01:03:06,102 INFO  [Log] My test case might be failed 
2023-02-27 01:03:19,476 INFO  [Log] My test case is about to complete 
2023-02-27 01:03:19,477 INFO  [Log] ################################## 
2023-02-27 01:03:19,477 INFO  [Log] ########################################## 
2023-02-27 01:03:19,477 INFO  [Log] ############   This is my login test again ################ 
2023-02-27 01:03:19,477 INFO  [Log] ########################## 
2023-02-27 01:03:19,477 INFO  [Log] ########################################## 
2023-02-27 01:03:27,996 INFO  [Log] ********************************** 
2023-02-27 01:03:27,996 INFO  [Log] ***************************************** 
2023-02-27 01:03:27,996 INFO  [Log] ############   My first test case is Login test ################ 
2023-02-27 01:03:27,996 INFO  [Log] ********************************** 
2023-02-27 01:03:27,996 INFO  [Log] ***************************************** 
2023-02-27 01:03:27,996 INFO  [Log] My login test is going on 
2023-02-27 01:03:27,996 INFO  [Log] My test case might be failed 
2023-02-27 01:03:30,873 INFO  [Log] My test case is about to complete 
2023-02-27 01:03:30,873 INFO  [Log] ################################## 
2023-02-27 01:03:30,873 INFO  [Log] ########################################## 
2023-02-27 01:03:30,873 INFO  [Log] ############   This is my login test again ################ 
2023-02-27 01:03:30,873 INFO  [Log] ########################## 
2023-02-27 01:03:30,873 INFO  [Log] ########################################## 
2023-02-27 01:03:39,812 INFO  [Log] ********************************** 
2023-02-27 01:03:39,813 INFO  [Log] ***************************************** 
2023-02-27 01:03:39,813 INFO  [Log] ############   My first test case is Login test ################ 
2023-02-27 01:03:39,813 INFO  [Log] ********************************** 
2023-02-27 01:03:39,813 INFO  [Log] ***************************************** 
2023-02-27 01:03:39,813 INFO  [Log] My login test is going on 
2023-02-27 01:03:39,813 INFO  [Log] My test case might be failed 
2023-02-27 01:03:42,608 INFO  [Log] My test case is about to complete 
2023-02-27 01:03:42,609 INFO  [Log] ################################## 
2023-02-27 01:03:42,609 INFO  [Log] ########################################## 
2023-02-27 01:03:42,609 INFO  [Log] ############   This is my login test again ################ 
2023-02-27 01:03:42,609 INFO  [Log] ########################## 
2023-02-27 01:03:42,609 INFO  [Log] ########################################## 
2023-02-27 01:03:52,243 INFO  [Log] ********************************** 
2023-02-27 01:03:52,244 INFO  [Log] ***************************************** 
2023-02-27 01:03:52,244 INFO  [Log] ############   My first test case is Login test ################ 
2023-02-27 01:03:52,244 INFO  [Log] ********************************** 
2023-02-27 01:03:52,244 INFO  [Log] ***************************************** 
2023-02-27 01:03:52,244 INFO  [Log] My login test is going on 
2023-02-27 01:03:52,244 INFO  [Log] My test case might be failed 
2023-02-27 01:03:55,438 INFO  [Log] My test case is about to complete 
2023-02-27 01:03:55,438 INFO  [Log] ################################## 
2023-02-27 01:03:55,438 INFO  [Log] ########################################## 
2023-02-27 01:03:55,438 INFO  [Log] ############   This is my login test again ################ 
2023-02-27 01:03:55,438 INFO  [Log] ########################## 
2023-02-27 01:03:55,438 INFO  [Log] ########################################## 
